2024-09-26 15:24:08 [[32minfo[39m]: Request received at Open Projects
2024-09-26 15:24:11 [[32minfo[39m]: Request received at Open Projects
2024-09-26 15:24:12 [[32minfo[39m]: Request received at Completed Projects
2024-09-26 15:24:14 [[32minfo[39m]: Request received at Completed Projects
2024-09-26 15:24:15 [[32minfo[39m]: Request received at OnHold Projects
2024-09-26 15:24:18 [[32minfo[39m]: Request received at OnHold Projects
2024-09-26 17:09:20 [[32minfo[39m]: Request received at View Assets
2024-09-26 17:09:20 [[32minfo[39m]: Request received at View Assets
2024-09-26 17:09:20 [[32minfo[39m]: Request received at View Assets
2024-09-26 17:09:20 [[32minfo[39m]: Request received at View Assets
2024-09-26 17:12:29 [[32minfo[39m]: Request received at Open Projects
2024-09-26 17:12:31 [[32minfo[39m]: Request received at Open Projects
2024-09-26 17:13:13 [[32minfo[39m]: Request received at Completed Projects
2024-09-26 17:13:15 [[32minfo[39m]: Request received at Completed Projects
2024-09-26 17:13:18 [[32minfo[39m]: Request received at OnHold Projects
2024-09-26 17:13:20 [[32minfo[39m]: Request received at OnHold Projects
2024-09-26 18:12:43 [[32minfo[39m]: Request received at View Drawings
2024-09-26 18:12:43 [[32minfo[39m]: Request received at View Drawings
2024-09-26 18:12:48 [[32minfo[39m]: Request received at View Assets
2024-09-26 18:12:48 [[32minfo[39m]: Request received at View Assets
2024-09-26 18:13:02 [[32minfo[39m]: Request received at Open Projects
2024-09-26 18:13:02 [[32minfo[39m]: Request received at Open Projects
2024-09-26 18:13:20 [[32minfo[39m]: Request received at Upcoming Projects
2024-09-26 18:13:20 [[32minfo[39m]: Request received at Upcoming Projects
2024-09-26 18:13:24 [[32minfo[39m]: Request received at Quality Check
2024-09-26 18:13:25 [[32minfo[39m]: Request received at Quality Check
2024-09-27 11:33:52 [[32minfo[39m]: Request received at Open Projects
2024-09-27 11:33:54 [[32minfo[39m]: Request received at Open Projects
2024-10-01 16:20:23 [[32minfo[39m]: Request received at PM Login Details
2024-10-01 21:57:09 [[32minfo[39m]: Request received at Open Projects
2024-10-01 21:57:09 [[32minfo[39m]: Request received at Open Projects
2024-10-01 21:57:11 [[32minfo[39m]: Request received at Completed Projects
2024-10-01 21:57:11 [[32minfo[39m]: Request received at Completed Projects
2024-10-01 21:57:12 [[32minfo[39m]: Request received at OnHold Projects
2024-10-01 21:57:14 [[32minfo[39m]: Request received at Completed Projects
2024-10-01 21:57:14 [[32minfo[39m]: Request received at OnHold Projects
2024-10-01 21:57:14 [[32minfo[39m]: Request received at Completed Projects
2024-10-01 21:57:25 [[32minfo[39m]: Request received at Open Projects
2024-10-01 21:57:25 [[32minfo[39m]: Request received at Open Projects
2024-10-01 21:57:32 [[32minfo[39m]: Request received at Open Projects
2024-10-01 21:57:32 [[32minfo[39m]: Request received at Open Projects
2024-10-01 21:57:47 [[32minfo[39m]: Request received at Open Projects
2024-10-01 21:57:49 [[32minfo[39m]: Request received at Open Projects
2024-10-01 21:57:51 [[32minfo[39m]: Request received at Upcoming Projects
2024-10-01 21:57:51 [[32minfo[39m]: Request received at Upcoming Projects
2024-10-01 21:58:09 [[32minfo[39m]: Request received at Open Projects
2024-10-01 21:58:09 [[32minfo[39m]: Request received at Open Projects
2024-10-01 21:58:10 [[32minfo[39m]: Request received at Quality Check
2024-10-01 21:58:10 [[32minfo[39m]: Request received at Quality Check
2024-10-01 21:58:32 [[32minfo[39m]: Request received at View Drawings
2024-10-01 21:58:32 [[32minfo[39m]: Request received at View Drawings
2024-10-01 21:58:50 [[32minfo[39m]: Request received at View Assets
2024-10-01 21:58:50 [[32minfo[39m]: Request received at View Assets
2024-10-01 21:58:52 [[32minfo[39m]: Request received at View Assets
2024-10-01 21:58:52 [[32minfo[39m]: Request received at View Assets
2024-10-01 21:58:52 [[32minfo[39m]: Request received at View Assets
2024-10-01 21:58:52 [[32minfo[39m]: Request received at View Assets
2024-10-03 10:14:54 [[32minfo[39m]: Request received at PM Login Details
2024-10-03 14:23:52 [[32minfo[39m]: Request received at Open Projects
2024-10-03 14:23:53 [[32minfo[39m]: Request received at Open Projects
2024-10-03 14:27:53 [[32minfo[39m]: Request received at Open Projects
2024-10-03 14:27:53 [[32minfo[39m]: Request received at Open Projects
2024-10-03 14:35:52 [[32minfo[39m]: Request received at Open Projects
2024-10-03 14:35:54 [[32minfo[39m]: Request received at Open Projects
2024-10-03 14:37:10 [[32minfo[39m]: Request received at View Drawings
2024-10-03 14:37:11 [[32minfo[39m]: Request received at View Drawings
2024-10-03 14:39:28 [[32minfo[39m]: Request received at View Drawings
2024-10-03 14:39:28 [[32minfo[39m]: Request received at View Drawings
2024-10-03 14:40:22 [[32minfo[39m]: Request received at Open Projects
2024-10-03 14:40:23 [[32minfo[39m]: Request received at Open Projects
2024-10-03 14:43:05 [[32minfo[39m]: Request received at Open Projects
2024-10-03 14:43:06 [[32minfo[39m]: Request received at Open Projects
2024-10-03 14:45:10 [[32minfo[39m]: Request received at Open Projects
2024-10-03 14:45:13 [[32minfo[39m]: Request received at Open Projects
2024-10-03 14:46:57 [[32minfo[39m]: Request received at Open Projects
2024-10-03 14:46:57 [[32minfo[39m]: Request received at Open Projects
2024-10-03 14:49:50 [[32minfo[39m]: Request received at Open Projects
2024-10-03 14:49:51 [[32minfo[39m]: Request received at Open Projects
2024-10-03 14:50:08 [[32minfo[39m]: Request received at Open Projects
2024-10-03 14:50:08 [[32minfo[39m]: Request received at Open Projects
2024-10-03 15:01:55 [[32minfo[39m]: Request received at Open Projects
2024-10-03 15:01:55 [[32minfo[39m]: Request received at Open Projects
2024-10-03 15:02:24 [[32minfo[39m]: Request received at Open Projects
2024-10-03 15:02:26 [[32minfo[39m]: Request received at Open Projects
2024-10-03 15:08:56 [[32minfo[39m]: Request received at Open Projects
2024-10-03 15:08:57 [[32minfo[39m]: Request received at Open Projects
2024-10-03 15:08:58 [[32minfo[39m]: Request received at Open Projects
2024-10-03 15:08:59 [[32minfo[39m]: Request received at Open Projects
2024-10-03 16:42:34 [[32minfo[39m]: Request received at Open Projects
2024-10-03 16:42:35 [[32minfo[39m]: Request received at Open Projects
2024-10-03 17:32:34 [[32minfo[39m]: Request received at View Assets
2024-10-03 17:32:34 [[32minfo[39m]: Request received at View Assets
2024-10-03 17:32:34 [[32minfo[39m]: Request received at View Assets
2024-10-03 17:32:34 [[32minfo[39m]: Request received at View Assets
2024-10-03 17:45:28 [[32minfo[39m]: Request received at View Assets
2024-10-03 17:45:28 [[32minfo[39m]: Request received at View Assets
2024-10-03 17:45:28 [[32minfo[39m]: Request received at View Assets
2024-10-03 17:45:28 [[32minfo[39m]: Request received at View Assets
2024-10-04 15:21:49 [[31merror[39m]: Error message Open ProjectsReferenceError: pmEmail is not defined
2024-10-04 15:21:49 [[31merror[39m]: Error message Open ProjectsReferenceError: pmEmail is not defined
2024-10-04 15:21:51 [[31merror[39m]: Error message Completed ProjectsReferenceError: pmEmail is not defined
2024-10-04 15:21:51 [[31merror[39m]: Error message Completed ProjectsReferenceError: pmEmail is not defined
2024-10-04 15:21:53 [[31merror[39m]: Error message OnHold ProjectsReferenceError: pmEmail is not defined
2024-10-04 15:21:53 [[31merror[39m]: Error message OnHold ProjectsReferenceError: pmEmail is not defined
2024-10-04 15:22:25 [[31merror[39m]: Error message Completed ProjectsReferenceError: pmEmail is not defined
2024-10-04 15:22:25 [[31merror[39m]: Error message Completed ProjectsReferenceError: pmEmail is not defined
2024-10-04 15:22:34 [[31merror[39m]: Error message Cancelled ProjectsReferenceError: pmEmail is not defined
2024-10-04 15:22:34 [[31merror[39m]: Error message Cancelled ProjectsReferenceError: pmEmail is not defined
2024-10-04 15:22:35 [[31merror[39m]: Error message OnHold ProjectsReferenceError: pmEmail is not defined
2024-10-04 15:22:35 [[31merror[39m]: Error message OnHold ProjectsReferenceError: pmEmail is not defined
2024-10-04 15:22:45 [[31merror[39m]: Error message Open ProjectsReferenceError: pmEmail is not defined
2024-10-04 15:22:45 [[31merror[39m]: Error message Open ProjectsReferenceError: pmEmail is not defined
2024-10-04 15:22:45 [[31merror[39m]: Error message Upcoming DeliveriesReferenceError: pmEmail is not defined
2024-10-04 15:22:45 [[31merror[39m]: Error message Upcoming DeliveriesReferenceError: pmEmail is not defined
2024-10-04 15:22:46 [[31merror[39m]: Error message Quality CheckReferenceError: pmEmail is not defined
2024-10-04 15:22:46 [[31merror[39m]: Error message Quality CheckReferenceError: pmEmail is not defined
2024-10-04 15:23:10 [[32minfo[39m]: Request received at Open Projects
2024-10-04 15:23:10 [[32minfo[39m]: Request received at Open Projects
2024-10-04 15:23:12 [[32minfo[39m]: Request received at Completed Projects
2024-10-04 15:23:12 [[32minfo[39m]: Request received at Completed Projects
2024-10-04 15:23:13 [[32minfo[39m]: Request received at OnHold Projects
2024-10-04 15:23:14 [[32minfo[39m]: Request received at OnHold Projects
2024-10-04 15:38:08 [[32minfo[39m]: Request received at Open Projects
2024-10-04 15:38:08 [[32minfo[39m]: Request received at Open Projects
2024-10-04 15:38:34 [[32minfo[39m]: Request received at Completed Projects
2024-10-04 15:38:34 [[32minfo[39m]: Request received at Completed Projects
2024-10-04 15:38:35 [[32minfo[39m]: Request received at OnHold Projects
2024-10-04 15:38:35 [[32minfo[39m]: Request received at OnHold Projects
2024-10-04 15:38:37 [[32minfo[39m]: Request received at Cancelled Projects
2024-10-04 15:38:38 [[32minfo[39m]: Request received at Cancelled Projects
2024-10-04 15:39:01 [[32minfo[39m]: Request received at Open Projects
2024-10-04 15:39:02 [[32minfo[39m]: Request received at Open Projects
2024-10-04 15:39:03 [[32minfo[39m]: Request received at Completed Projects
2024-10-04 15:39:03 [[32minfo[39m]: Request received at Completed Projects
2024-10-04 15:39:04 [[32minfo[39m]: Request received at Open Projects
2024-10-04 15:39:04 [[32minfo[39m]: Request received at Open Projects
2024-10-04 15:39:07 [[32minfo[39m]: Request received at Open Projects
2024-10-04 15:39:07 [[32minfo[39m]: Request received at Open Projects
2024-10-04 15:39:15 [[32minfo[39m]: Request received at Completed Projects
2024-10-04 15:39:15 [[32minfo[39m]: Request received at Completed Projects
2024-10-04 15:39:30 [[32minfo[39m]: Request received at Open Projects
2024-10-04 15:39:30 [[32minfo[39m]: Request received at Open Projects
2024-10-04 15:39:31 [[32minfo[39m]: Request received at Completed Projects
2024-10-04 15:39:33 [[32minfo[39m]: Request received at Completed Projects
2024-10-04 15:48:01 [[32minfo[39m]: Request received at Open Projects
2024-10-04 15:48:01 [[32minfo[39m]: Request received at Open Projects
2024-10-04 16:51:42 [[32minfo[39m]: Request received at Open Projects
2024-10-04 16:51:42 [[32minfo[39m]: Request received at Open Projects
2024-10-04 18:06:58 [[32minfo[39m]: Request received at Open Projects
2024-10-04 18:07:00 [[32minfo[39m]: Request received at Open Projects
2024-10-04 18:09:32 [[32minfo[39m]: Request received at View Drawings
2024-10-04 18:09:33 [[32minfo[39m]: Request received at View Drawings
2024-10-04 18:09:35 [[32minfo[39m]: Request received at View Drawings
2024-10-04 18:09:35 [[32minfo[39m]: Request received at View Drawings
2024-10-04 18:09:41 [[32minfo[39m]: Request received at Upcoming Projects
2024-10-04 18:09:42 [[32minfo[39m]: Request received at Upcoming Projects
2024-10-04 18:09:44 [[32minfo[39m]: Request received at Quality Check
2024-10-04 18:09:45 [[32minfo[39m]: Request received at Quality Check
2024-10-05 12:05:59 [[32minfo[39m]: Request received at Open Projects
2024-10-05 12:05:59 [[32minfo[39m]: Request received at Open Projects
2024-10-05 12:06:00 [[32minfo[39m]: Request received at Completed Projects
2024-10-05 12:06:01 [[32minfo[39m]: Request received at Completed Projects
2024-10-05 12:06:02 [[32minfo[39m]: Request received at OnHold Projects
2024-10-05 12:06:02 [[32minfo[39m]: Request received at OnHold Projects
2024-10-05 12:06:05 [[32minfo[39m]: Request received at Cancelled Projects
2024-10-05 12:06:05 [[32minfo[39m]: Request received at Cancelled Projects
2024-10-05 12:06:25 [[32minfo[39m]: Request received at Quality Check
2024-10-05 12:06:26 [[32minfo[39m]: Request received at Quality Check
2024-10-05 12:06:28 [[32minfo[39m]: Request received at Upcoming Projects
2024-10-05 12:06:29 [[32minfo[39m]: Request received at Upcoming Projects
2024-10-05 12:06:46 [[32minfo[39m]: Request received at View Assets
2024-10-05 12:06:47 [[32minfo[39m]: Request received at View Assets
2024-10-05 12:06:49 [[32minfo[39m]: Request received at View Assets
2024-10-05 12:06:49 [[32minfo[39m]: Request received at View Assets
2024-10-05 12:06:49 [[32minfo[39m]: Request received at View Assets
2024-10-05 12:06:49 [[32minfo[39m]: Request received at View Assets
2024-10-08 11:48:09 [[32minfo[39m]: Request received at Open Projects
2024-10-08 11:48:10 [[32minfo[39m]: Request received at Open Projects
2024-10-08 12:30:42 [[32minfo[39m]: Request received at Open Projects
2024-10-08 12:32:50 [[32minfo[39m]: Request received at View Assets
2024-10-08 12:32:50 [[32minfo[39m]: Request received at View Assets
2024-10-08 12:33:47 [[32minfo[39m]: Request received at Open Projects
2024-10-08 12:33:47 [[32minfo[39m]: Request received at Open Projects
2024-10-08 12:34:06 [[32minfo[39m]: Request received at Quality Check
2024-10-08 12:34:07 [[32minfo[39m]: Request received at Quality Check
2024-10-08 12:42:28 [[32minfo[39m]: Request received at Open Projects
2024-10-08 12:42:28 [[32minfo[39m]: Request received at Open Projects
2024-10-08 12:42:31 [[32minfo[39m]: Request received at Open Projects
2024-10-08 12:42:31 [[32minfo[39m]: Request received at Open Projects
2024-10-08 12:51:50 [[32minfo[39m]: Request received at Open Projects
2024-10-08 12:51:52 [[32minfo[39m]: Request received at Open Projects
2024-10-08 12:51:54 [[32minfo[39m]: Request received at Open Projects
2024-10-08 12:51:54 [[32minfo[39m]: Request received at Open Projects
2024-10-08 14:41:49 [[32minfo[39m]: Request received at Open Projects
2024-10-08 14:41:49 [[32minfo[39m]: Request received at Open Projects
2024-10-08 14:42:01 [[32minfo[39m]: Request received at Open Projects
2024-10-08 14:42:02 [[32minfo[39m]: Request received at Open Projects
2024-10-08 15:04:02 [[32minfo[39m]: Request received at Upcoming Projects
2024-10-08 15:04:02 [[32minfo[39m]: Request received at Upcoming Projects
2024-10-08 15:05:21 [[32minfo[39m]: Request received at Quality Check
2024-10-08 15:05:21 [[32minfo[39m]: Request received at Quality Check
2024-10-08 15:07:24 [[32minfo[39m]: Request received at Upcoming Projects
2024-10-08 15:07:24 [[32minfo[39m]: Request received at Upcoming Projects
2024-10-08 15:07:35 [[32minfo[39m]: Request received at Open Projects
2024-10-08 15:07:36 [[32minfo[39m]: Request received at Open Projects
2024-10-08 15:07:41 [[32minfo[39m]: Request received at Open Projects
2024-10-08 15:07:41 [[32minfo[39m]: Request received at Open Projects
2024-10-08 15:07:42 [[32minfo[39m]: Request received at Completed Projects
2024-10-08 15:07:42 [[32minfo[39m]: Request received at Completed Projects
2024-10-08 15:07:46 [[32minfo[39m]: Request received at Open Projects
2024-10-08 15:07:48 [[32minfo[39m]: Request received at Open Projects
2024-10-08 15:08:05 [[32minfo[39m]: Request received at Upcoming Projects
2024-10-08 15:08:06 [[32minfo[39m]: Request received at Upcoming Projects
2024-10-08 15:10:09 [[32minfo[39m]: Request received at Upcoming Projects
2024-10-08 15:10:10 [[32minfo[39m]: Request received at Upcoming Projects
2024-10-08 15:10:14 [[32minfo[39m]: Request received at Quality Check
2024-10-08 15:10:16 [[32minfo[39m]: Request received at Quality Check
2024-10-14 15:40:07 [[32minfo[39m]: Request received at Open Projects
2024-10-14 15:40:12 [[32minfo[39m]: Request received at Completed Projects
2024-10-14 15:56:05 [[32minfo[39m]: Request received at View Drawings
2024-10-14 16:21:41 [[32minfo[39m]: Request received at Open Projects
2024-10-14 17:19:11 [[32minfo[39m]: Request received at Upcoming Projects
2024-10-15 10:06:57 [[32minfo[39m]: Request received at Open Projects
2024-10-15 14:58:05 [[32minfo[39m]: Request received at Open Projects
2024-10-15 15:11:37 [[32minfo[39m]: Request received at Open Projects
2024-10-15 15:19:09 [[32minfo[39m]: Request received at Open Projects
2024-10-15 15:19:29 [[32minfo[39m]: Request received at Open Projects
2024-10-15 15:22:28 [[32minfo[39m]: Request received at Open Projects
2024-10-15 15:25:36 [[32minfo[39m]: Request received at Open Projects
2024-10-15 15:31:26 [[32minfo[39m]: Request received at Open Projects
2024-10-15 16:06:33 [[32minfo[39m]: Request received at Open Projects
2024-10-15 16:09:05 [[32minfo[39m]: Request received at Open Projects
2024-10-15 16:10:55 [[32minfo[39m]: Request received at Open Projects
2024-10-15 16:16:04 [[32minfo[39m]: Request received at Open Projects
2024-10-15 16:16:29 [[32minfo[39m]: Request received at Open Projects
2024-10-15 16:21:58 [[32minfo[39m]: Request received at Open Projects
2024-10-15 16:22:28 [[32minfo[39m]: Request received at Open Projects
2024-10-15 16:28:37 [[32minfo[39m]: Request received at Open Projects
2024-10-15 16:33:19 [[32minfo[39m]: Request received at Open Projects
2024-10-15 16:36:38 [[32minfo[39m]: Request received at Open Projects
2024-10-15 16:37:49 [[32minfo[39m]: Request received at Open Projects
2024-10-15 16:39:34 [[32minfo[39m]: Request received at Open Projects
2024-10-15 16:56:56 [[32minfo[39m]: Request received at Open Projects
2024-10-15 17:13:23 [[32minfo[39m]: Request received at Open Projects
2024-10-15 21:38:18 [[32minfo[39m]: Request received at Open Projects
2024-10-15 21:38:39 [[32minfo[39m]: Request received at Open Projects
2024-10-15 21:42:04 [[32minfo[39m]: Request received at Open Projects
2024-10-15 21:43:59 [[32minfo[39m]: Request received at Open Projects
2024-10-15 21:46:19 [[32minfo[39m]: Request received at Open Projects
2024-10-15 21:46:36 [[32minfo[39m]: Request received at Open Projects
2024-10-15 21:48:33 [[32minfo[39m]: Request received at Open Projects
2024-10-15 21:49:34 [[32minfo[39m]: Request received at Open Projects
2024-10-15 21:52:08 [[32minfo[39m]: Request received at Open Projects
2024-10-15 21:53:21 [[32minfo[39m]: Request received at Open Projects
2024-10-15 21:56:09 [[32minfo[39m]: Request received at Open Projects
2024-10-15 21:56:44 [[32minfo[39m]: Request received at Open Projects
2024-10-15 22:03:48 [[32minfo[39m]: Request received at Open Projects
2024-10-15 22:08:11 [[32minfo[39m]: Request received at Open Projects
2024-10-15 22:10:44 [[32minfo[39m]: Request received at Open Projects
2024-10-15 22:11:30 [[32minfo[39m]: Request received at Open Projects
2024-10-15 22:15:14 [[32minfo[39m]: Request received at Open Projects
2024-10-15 22:15:32 [[32minfo[39m]: Request received at Open Projects
2024-10-15 22:28:39 [[32minfo[39m]: Request received at Open Projects
2024-10-15 22:33:53 [[32minfo[39m]: Request received at Open Projects
2024-10-15 22:37:16 [[32minfo[39m]: Request received at Open Projects
2024-10-15 22:40:01 [[32minfo[39m]: Request received at Open Projects
2024-10-15 22:41:10 [[32minfo[39m]: Request received at Open Projects
2024-10-15 22:43:09 [[32minfo[39m]: Request received at Open Projects
2024-10-16 10:00:24 [[32minfo[39m]: Request received at Open Projects
2024-10-16 17:15:45 [[32minfo[39m]: Request received at Open Projects
2024-10-16 17:39:21 [[32minfo[39m]: Request received at Open Projects
2024-10-16 17:39:35 [[32minfo[39m]: Request received at Open Projects
2024-10-17 10:14:11 [[32minfo[39m]: Request received at Open Projects
2024-10-22 17:18:44 [[32minfo[39m]: Request received at Upcoming Projects
2024-11-11 17:02:20 [[32minfo[39m]: Request received at Upcoming Projects
2024-11-11 17:02:20 [[32minfo[39m]: Request received at Upcoming Projects
2024-11-14 11:00:29 [[32minfo[39m]: Request received at Open Projects
2024-11-14 11:00:32 [[32minfo[39m]: Request received at Completed Projects
2024-11-14 11:00:46 [[32minfo[39m]: Request received at Open Projects
2024-11-14 11:10:08 [[32minfo[39m]: Request received at Open Projects
2024-11-14 11:10:20 [[32minfo[39m]: Request received at Open Projects
2024-11-14 11:17:19 [[32minfo[39m]: Request received at Open Projects
2024-11-14 11:17:24 [[32minfo[39m]: Request received at Completed Projects
2024-11-14 11:18:51 [[32minfo[39m]: Request received at Completed Projects
2024-11-14 11:19:04 [[32minfo[39m]: Request received at Completed Projects
2024-11-14 11:23:50 [[32minfo[39m]: Request received at Completed Projects
2024-11-14 11:47:52 [[32minfo[39m]: Request received at Open Projects
2024-11-14 11:47:57 [[32minfo[39m]: Request received at Completed Projects
